[2020-03-12T17:09:27.930] [INFO] AutomationTest - Running suite with 1
[2020-03-12T17:09:27.933] [INFO] AutomationTest - =================================================
[2020-03-12T17:09:29.075] [INFO] AutomationTest - Launch Carrier Claim Portal
[2020-03-12T17:09:39.416] [INFO] AutomationTest - Spec started: Regression Test Suite undefined 004: Verify Search And Checkout With Registered User
[2020-03-12T17:09:39.473] [INFO] AutomationTest - Verify the Login Page
[2020-03-12T17:09:39.955] [INFO] AutomationTest - Login into the User
[2020-03-12T17:09:47.912] [INFO] AutomationTest - Verify the Home page of the Application
[2020-03-12T17:11:08.092] [INFO] AutomationTest - Click on incident report link
[2020-03-12T17:11:48.584] [INFO] AutomationTest - Spec: 004: Verify Search And Checkout With Registered User was failed
[2020-03-12T17:11:48.585] [ERROR] AutomationTest - Failure: Expected false to be true, 'Dream Orbit logo is not there'.
[2020-03-12T17:11:48.585] [ERROR] AutomationTest - Error: Failed expectation
    at Function.<anonymous> (D:\CarrierClaim\e2e-tests\e2e\page-objects\pages\home-page\home-page-helper.ts:13:94)
    at Generator.next (<anonymous>)
    at fulfilled (D:\CarrierClaim\e2e-tests\temp\e2e\page-objects\pages\home-page\home-page-helper.js:5:58)
    at processTicksAndRejections (internal/process/task_queues.js:97:5)
[2020-03-12T17:11:48.587] [ERROR] AutomationTest - Failure: Expected false to be true, 'Incident Report Link is not there'.
[2020-03-12T17:11:48.588] [ERROR] AutomationTest - Error: Failed expectation
    at Function.<anonymous> (D:\CarrierClaim\e2e-tests\e2e\page-objects\pages\home-page\home-page-helper.ts:29:98)
    at Generator.next (<anonymous>)
    at fulfilled (D:\CarrierClaim\e2e-tests\temp\e2e\page-objects\pages\home-page\home-page-helper.js:5:58)
    at processTicksAndRejections (internal/process/task_queues.js:97:5)
[2020-03-12T17:11:48.591] [ERROR] AutomationTest - Failure: Failed: By(css selector, [id="linkIncidentsApp"])Element not clickable
Wait timed out after 40033ms
[2020-03-12T17:11:48.592] [ERROR] AutomationTest - TimeoutError: By(css selector, [id="linkIncidentsApp"])Element not clickable
Wait timed out after 40033ms
    at D:\CarrierClaim\e2e-tests\node_modules\protractor\node_modules\selenium-webdriver\lib\promise.js:2201:17
    at ManagedPromise.invokeCallback_ (D:\CarrierClaim\e2e-tests\node_modules\protractor\node_modules\selenium-webdriver\lib\promise.js:1376:14)
    at TaskQueue.execute_ (D:\CarrierClaim\e2e-tests\node_modules\protractor\node_modules\selenium-webdriver\lib\promise.js:3084:14)
    at TaskQueue.executeNext_ (D:\CarrierClaim\e2e-tests\node_modules\protractor\node_modules\selenium-webdriver\lib\promise.js:3067:27)
    at D:\CarrierClaim\e2e-tests\node_modules\protractor\node_modules\selenium-webdriver\lib\promise.js:2927:27
    at D:\CarrierClaim\e2e-tests\node_modules\protractor\node_modules\selenium-webdriver\lib\promise.js:668:7
    at processTicksAndRejections (internal/process/task_queues.js:97:5)
From: Task: By(css selector, [id="linkIncidentsApp"])Element not clickable
    at scheduleWait (D:\CarrierClaim\e2e-tests\node_modules\protractor\node_modules\selenium-webdriver\lib\promise.js:2188:20)
    at ControlFlow.wait (D:\CarrierClaim\e2e-tests\node_modules\protractor\node_modules\selenium-webdriver\lib\promise.js:2517:12)
    at Driver.wait (D:\CarrierClaim\e2e-tests\node_modules\protractor\node_modules\selenium-webdriver\lib\webdriver.js:934:29)
    at run (D:\CarrierClaim\e2e-tests\node_modules\protractor\built\browser.js:59:33)
    at ProtractorBrowser.to.<computed> [as wait] (D:\CarrierClaim\e2e-tests\node_modules\protractor\built\browser.js:67:16)
    at WaitHelper.<anonymous> (D:\CarrierClaim\e2e-tests\e2e\components\html\wait-helper.ts:186:31)
    at Generator.next (<anonymous>)
    at fulfilled (D:\CarrierClaim\e2e-tests\temp\e2e\components\html\wait-helper.js:5:58)
    at processTicksAndRejections (internal/process/task_queues.js:97:5)
From: Task: Run it("004: Verify Search And Checkout With Registered User") in control flow
    at UserContext.<anonymous> (D:\CarrierClaim\e2e-tests\node_modules\jasminewd2\index.js:94:19)
    at attempt (D:\CarrierClaim\e2e-tests\node_modules\protractor\node_modules\jasmine-core\lib\jasmine-core\jasmine.js:4297:26)
    at QueueRunner.run (D:\CarrierClaim\e2e-tests\node_modules\protractor\node_modules\jasmine-core\lib\jasmine-core\jasmine.js:4217:20)
    at runNext (D:\CarrierClaim\e2e-tests\node_modules\protractor\node_modules\jasmine-core\lib\jasmine-core\jasmine.js:4257:20)
    at D:\CarrierClaim\e2e-tests\node_modules\protractor\node_modules\jasmine-core\lib\jasmine-core\jasmine.js:4264:13
    at D:\CarrierClaim\e2e-tests\node_modules\protractor\node_modules\jasmine-core\lib\jasmine-core\jasmine.js:4172:9
    at D:\CarrierClaim\e2e-tests\node_modules\jasminewd2\index.js:64:48
    at ControlFlow.emit (D:\CarrierClaim\e2e-tests\node_modules\protractor\node_modules\selenium-webdriver\lib\events.js:62:21)
    at ControlFlow.shutdown_ (D:\CarrierClaim\e2e-tests\node_modules\protractor\node_modules\selenium-webdriver\lib\promise.js:2674:10)
    at D:\CarrierClaim\e2e-tests\node_modules\protractor\node_modules\selenium-webdriver\lib\promise.js:2599:53
From asynchronous test: 
Error
    at Suite.<anonymous> (D:\CarrierClaim\e2e-tests\e2e\test-suites\carrier-claim\carrier-claim.e2e.js:39:5)
    at addSpecsToSuite (D:\CarrierClaim\e2e-tests\node_modules\protractor\node_modules\jasmine-core\lib\jasmine-core\jasmine.js:1107:25)
    at Env.describe (D:\CarrierClaim\e2e-tests\node_modules\protractor\node_modules\jasmine-core\lib\jasmine-core\jasmine.js:1074:7)
    at describe (D:\CarrierClaim\e2e-tests\node_modules\protractor\node_modules\jasmine-core\lib\jasmine-core\jasmine.js:4399:18)
    at Object.<anonymous> (D:\CarrierClaim\e2e-tests\e2e\test-suites\carrier-claim\carrier-claim.e2e.js:15:1)
    at Module._compile (internal/modules/cjs/loader.js:1147:30)
    at Object.Module._extensions..js (internal/modules/cjs/loader.js:1167:10)
    at Module.load (internal/modules/cjs/loader.js:996:32)
    at Function.Module._load (internal/modules/cjs/loader.js:896:14)
[2020-03-12T17:11:48.601] [INFO] AutomationTest - 3
[2020-03-12T17:11:48.602] [INFO] AutomationTest - =================================================
[2020-03-12T17:11:48.636] [INFO] AutomationTest - Suite: Regression Test Suite undefined was finished
[2020-03-12T17:11:49.192] [INFO] AutomationTest - Finished suite
